<?xml version="1.0" encoding="UTF-8"?>
<testsuite xmlns:xsi="http://www.w3.org/2001/XMLSchema-instance" xsi:noNamespaceSchemaLocation="https://maven.apache.org/surefire/maven-surefire-plugin/xsd/surefire-test-report-3.0.xsd" version="3.0" name="com.qbitum.template.IfinityBankingApplicationTests" time="0.017" tests="1" errors="0" skipped="0" failures="0">
  <properties>
[...]
</properties>
  <testcase name="contextLoads" classname="com.qbitum.template.IfinityBankingApplicationTests" time="0.005">
    <system-out><![CDATA[2025-01-13 18:17:49 [,] - INFO Could not detect default configuration classes for test class [com.qbitum.template.IfinityBankingApplicationTests]: IfinityBankingApplicationTests does not declare any static, non-private, non-final, nested classes annotated with @Configuration.
2025-01-13 18:17:49 [,] - INFO Found @SpringBootConfiguration com.qbitum.template.TemplateApplication for test class com.qbitum.template.IfinityBankingApplicationTests
]]></system-out>
  </testcase>
</testsuite>